[2022-12-12 08:57:25] local.ERROR: SQLSTATE[HY000] [1049] Unknown database 'zigkart' (SQL: select * from `users` where `id` = 1 limit 1) {"exception":"[object] (Illuminate\\Database\\QueryException(code: 1049): SQLSTATE[HY000] [1049] Unknown database 'zigkart' (SQL: select * from `users` where `id` = 1 limit 1) at D:\\Codes\\OfficeProjects\\KanLife\\KanLife Devlopment\\vendor\\laravel\\framework\\src\\Illuminate\\Database\\Connection.php:712)
[stacktrace]
#0 D:\\Codes\\OfficeProjects\\KanLife\\KanLife Devlopment\\vendor\\laravel\\framework\\src\\Illuminate\\Database\\Connection.php(672): Illuminate\\Database\\Connection->runQueryCallback('select * from `...', Array, Object(Closure))
#1 D:\\Codes\\OfficeProjects\\KanLife\\KanLife Devlopment\\vendor\\laravel\\framework\\src\\Illuminate\\Database\\Connection.php(376): Illuminate\\Database\\Connection->run('select * from `...', Array, Object(Closure))
#2 D:\\Codes\\OfficeProjects\\KanLife\\KanLife Devlopment\\vendor\\laravel\\framework\\src\\Illuminate\\Database\\Query\\Builder.php(2414): Illuminate\\Database\\Connection->select('select * from `...', Array, true)
#3 D:\\Codes\\OfficeProjects\\KanLife\\KanLife Devlopment\\vendor\\laravel\\framework\\src\\Illuminate\\Database\\Query\\Builder.php(2402): Illuminate\\Database\\Query\\Builder->runSelect()
#4 D:\\Codes\\OfficeProjects\\KanLife\\KanLife Devlopment\\vendor\\laravel\\framework\\src\\Illuminate\\Database\\Query\\Builder.php(2936): Illuminate\\Database\\Query\\Builder->Illuminate\\Database\\Query\\{closure}()
#5 D:\\Codes\\OfficeProjects\\KanLife\\KanLife Devlopment\\vendor\\laravel\\framework\\src\\Illuminate\\Database\\Query\\Builder.php(2403): Illuminate\\Database\\Query\\Builder->onceWithColumns(Array, Object(Closure))
#6 D:\\Codes\\OfficeProjects\\KanLife\\KanLife Devlopment\\vendor\\laravel\\framework\\src\\Illuminate\\Database\\Concerns\\BuildsQueries.php(294): Illuminate\\Database\\Query\\Builder->get(Array)
#7 D:\\Codes\\OfficeProjects\\KanLife\\KanLife Devlopment\\app\\Models\\Members.php(165): Illuminate\\Database\\Query\\Builder->first()
#8 D:\\Codes\\OfficeProjects\\KanLife\\KanLife Devlopment\\app\\Providers\\AppServiceProvider.php(46): ZigKart\\Models\\Members::adminData()
#9 D:\\Codes\\OfficeProjects\\KanLife\\KanLife Devlopment\\vendor\\laravel\\framework\\src\\Illuminate\\Container\\BoundMethod.php(36): ZigKart\\Providers\\AppServiceProvider->boot()
#10 D:\\Codes\\OfficeProjects\\KanLife\\KanLife Devlopment\\vendor\\laravel\\framework\\src\\Illuminate\\Container\\Util.php(40): Illuminate\\Container\\BoundMethod::Illuminate\\Container\\{closure}()
#11 D:\\Codes\\OfficeProjects\\KanLife\\KanLife Devlopment\\vendor\\laravel\\framework\\src\\Illuminate\\Container\\BoundMethod.php(93): Illuminate\\Container\\Util::unwrapIfClosure(Object(Closure))
#12 D:\\Codes\\OfficeProjects\\KanLife\\KanLife Devlopment\\vendor\\laravel\\framework\\src\\Illuminate\\Container\\BoundMethod.php(37): Illuminate\\Container\\BoundMethod::callBoundMethod(Object(Illuminate\\Foundation\\Application), Array, Object(Closure))
#13 D:\\Codes\\OfficeProjects\\KanLife\\KanLife Devlopment\\vendor\\laravel\\framework\\src\\Illuminate\\Container\\Container.php(653): Illuminate\\Container\\BoundMethod::call(Object(Illuminate\\Foundation\\Application), Array, Array, NULL)
#14 D:\\Codes\\OfficeProjects\\KanLife\\KanLife Devlopment\\vendor\\laravel\\framework\\src\\Illuminate\\Foundation\\Application.php(924): Illuminate\\Container\\Container->call(Array)
#15 D:\\Codes\\OfficeProjects\\KanLife\\KanLife Devlopment\\vendor\\laravel\\framework\\src\\Illuminate\\Foundation\\Application.php(905): Illuminate\\Foundation\\Application->bootProvider(Object(ZigKart\\Providers\\AppServiceProvider))
#16 [internal function]: Illuminate\\Foundation\\Application->Illuminate\\Foundation\\{closure}(Object(ZigKart\\Providers\\AppServiceProvider), 31)
#17 D:\\Codes\\OfficeProjects\\KanLife\\KanLife Devlopment\\vendor\\laravel\\framework\\src\\Illuminate\\Foundation\\Application.php(906): array_walk(Array, Object(Closure))
#18 D:\\Codes\\OfficeProjects\\KanLife\\KanLife Devlopment\\vendor\\laravel\\framework\\src\\Illuminate\\Foundation\\Bootstrap\\BootProviders.php(17): Illuminate\\Foundation\\Application->boot()
#19 D:\\Codes\\OfficeProjects\\KanLife\\KanLife Devlopment\\vendor\\laravel\\framework\\src\\Illuminate\\Foundation\\Application.php(237): Illuminate\\Foundation\\Bootstrap\\BootProviders->bootstrap(Object(Illuminate\\Foundation\\Application))
#20 D:\\Codes\\OfficeProjects\\KanLife\\KanLife Devlopment\\vendor\\laravel\\framework\\src\\Illuminate\\Foundation\\Console\\Kernel.php(310): Illuminate\\Foundation\\Application->bootstrapWith(Array)
#21 D:\\Codes\\OfficeProjects\\KanLife\\KanLife Devlopment\\vendor\\laravel\\framework\\src\\Illuminate\\Foundation\\Console\\Kernel.php(127): Illuminate\\Foundation\\Console\\Kernel->bootstrap()
#22 D:\\Codes\\OfficeProjects\\KanLife\\KanLife Devlopment\\artisan(37): Illuminate\\Foundation\\Console\\Kernel->handle(Object(Symfony\\Component\\Console\\Input\\ArgvInput), Object(Symfony\\Component\\Console\\Output\\ConsoleOutput))
#23 {main}

[previous exception] [object] (PDOException(code: 1049): SQLSTATE[HY000] [1049] Unknown database 'zigkart' at D:\\Codes\\OfficeProjects\\KanLife\\KanLife Devlopment\\vendor\\laravel\\framework\\src\\Illuminate\\Database\\Connectors\\Connector.php:70)
[stacktrace]
#0 D:\\Codes\\OfficeProjects\\KanLife\\KanLife Devlopment\\vendor\\laravel\\framework\\src\\Illuminate\\Database\\Connectors\\Connector.php(70): PDO->__construct('mysql:host=loca...', 'root', '', Array)
#1 D:\\Codes\\OfficeProjects\\KanLife\\KanLife Devlopment\\vendor\\laravel\\framework\\src\\Illuminate\\Database\\Connectors\\Connector.php(46): Illuminate\\Database\\Connectors\\Connector->createPdoConnection('mysql:host=loca...', 'root', '', Array)
#2 D:\\Codes\\OfficeProjects\\KanLife\\KanLife Devlopment\\vendor\\laravel\\framework\\src\\Illuminate\\Database\\Connectors\\MySqlConnector.php(24): Illuminate\\Database\\Connectors\\Connector->createConnection('mysql:host=loca...', Array, Array)
#3 D:\\Codes\\OfficeProjects\\KanLife\\KanLife Devlopment\\vendor\\laravel\\framework\\src\\Illuminate\\Database\\Connectors\\ConnectionFactory.php(184): Illuminate\\Database\\Connectors\\MySqlConnector->connect(Array)
#4 [internal function]: Illuminate\\Database\\Connectors\\ConnectionFactory->Illuminate\\Database\\Connectors\\{closure}()
#5 D:\\Codes\\OfficeProjects\\KanLife\\KanLife Devlopment\\vendor\\laravel\\framework\\src\\Illuminate\\Database\\Connection.php(1064): call_user_func(Object(Closure))
#6 D:\\Codes\\OfficeProjects\\KanLife\\KanLife Devlopment\\vendor\\laravel\\framework\\src\\Illuminate\\Database\\Connection.php(1100): Illuminate\\Database\\Connection->getPdo()
#7 D:\\Codes\\OfficeProjects\\KanLife\\KanLife Devlopment\\vendor\\laravel\\framework\\src\\Illuminate\\Database\\Connection.php(442): Illuminate\\Database\\Connection->getReadPdo()
#8 D:\\Codes\\OfficeProjects\\KanLife\\KanLife Devlopment\\vendor\\laravel\\framework\\src\\Illuminate\\Database\\Connection.php(368): Illuminate\\Database\\Connection->getPdoForSelect(true)
#9 D:\\Codes\\OfficeProjects\\KanLife\\KanLife Devlopment\\vendor\\laravel\\framework\\src\\Illuminate\\Database\\Connection.php(705): Illuminate\\Database\\Connection->Illuminate\\Database\\{closure}('select * from `...', Array)
#10 D:\\Codes\\OfficeProjects\\KanLife\\KanLife Devlopment\\vendor\\laravel\\framework\\src\\Illuminate\\Database\\Connection.php(672): Illuminate\\Database\\Connection->runQueryCallback('select * from `...', Array, Object(Closure))
#11 D:\\Codes\\OfficeProjects\\KanLife\\KanLife Devlopment\\vendor\\laravel\\framework\\src\\Illuminate\\Database\\Connection.php(376): Illuminate\\Database\\Connection->run('select * from `...', Array, Object(Closure))
#12 D:\\Codes\\OfficeProjects\\KanLife\\KanLife Devlopment\\vendor\\laravel\\framework\\src\\Illuminate\\Database\\Query\\Builder.php(2414): Illuminate\\Database\\Connection->select('select * from `...', Array, true)
#13 D:\\Codes\\OfficeProjects\\KanLife\\KanLife Devlopment\\vendor\\laravel\\framework\\src\\Illuminate\\Database\\Query\\Builder.php(2402): Illuminate\\Database\\Query\\Builder->runSelect()
#14 D:\\Codes\\OfficeProjects\\KanLife\\KanLife Devlopment\\vendor\\laravel\\framework\\src\\Illuminate\\Database\\Query\\Builder.php(2936): Illuminate\\Database\\Query\\Builder->Illuminate\\Database\\Query\\{closure}()
#15 D:\\Codes\\OfficeProjects\\KanLife\\KanLife Devlopment\\vendor\\laravel\\framework\\src\\Illuminate\\Database\\Query\\Builder.php(2403): Illuminate\\Database\\Query\\Builder->onceWithColumns(Array, Object(Closure))
#16 D:\\Codes\\OfficeProjects\\KanLife\\KanLife Devlopment\\vendor\\laravel\\framework\\src\\Illuminate\\Database\\Concerns\\BuildsQueries.php(294): Illuminate\\Database\\Query\\Builder->get(Array)
#17 D:\\Codes\\OfficeProjects\\KanLife\\KanLife Devlopment\\app\\Models\\Members.php(165): Illuminate\\Database\\Query\\Builder->first()
#18 D:\\Codes\\OfficeProjects\\KanLife\\KanLife Devlopment\\app\\Providers\\AppServiceProvider.php(46): ZigKart\\Models\\Members::adminData()
#19 D:\\Codes\\OfficeProjects\\KanLife\\KanLife Devlopment\\vendor\\laravel\\framework\\src\\Illuminate\\Container\\BoundMethod.php(36): ZigKart\\Providers\\AppServiceProvider->boot()
#20 D:\\Codes\\OfficeProjects\\KanLife\\KanLife Devlopment\\vendor\\laravel\\framework\\src\\Illuminate\\Container\\Util.php(40): Illuminate\\Container\\BoundMethod::Illuminate\\Container\\{closure}()
#21 D:\\Codes\\OfficeProjects\\KanLife\\KanLife Devlopment\\vendor\\laravel\\framework\\src\\Illuminate\\Container\\BoundMethod.php(93): Illuminate\\Container\\Util::unwrapIfClosure(Object(Closure))
#22 D:\\Codes\\OfficeProjects\\KanLife\\KanLife Devlopment\\vendor\\laravel\\framework\\src\\Illuminate\\Container\\BoundMethod.php(37): Illuminate\\Container\\BoundMethod::callBoundMethod(Object(Illuminate\\Foundation\\Application), Array, Object(Closure))
#23 D:\\Codes\\OfficeProjects\\KanLife\\KanLife Devlopment\\vendor\\laravel\\framework\\src\\Illuminate\\Container\\Container.php(653): Illuminate\\Container\\BoundMethod::call(Object(Illuminate\\Foundation\\Application), Array, Array, NULL)
#24 D:\\Codes\\OfficeProjects\\KanLife\\KanLife Devlopment\\vendor\\laravel\\framework\\src\\Illuminate\\Foundation\\Application.php(924): Illuminate\\Container\\Container->call(Array)
#25 D:\\Codes\\OfficeProjects\\KanLife\\KanLife Devlopment\\vendor\\laravel\\framework\\src\\Illuminate\\Foundation\\Application.php(905): Illuminate\\Foundation\\Application->bootProvider(Object(ZigKart\\Providers\\AppServiceProvider))
#26 [internal function]: Illuminate\\Foundation\\Application->Illuminate\\Foundation\\{closure}(Object(ZigKart\\Providers\\AppServiceProvider), 31)
#27 D:\\Codes\\OfficeProjects\\KanLife\\KanLife Devlopment\\vendor\\laravel\\framework\\src\\Illuminate\\Foundation\\Application.php(906): array_walk(Array, Object(Closure))
#28 D:\\Codes\\OfficeProjects\\KanLife\\KanLife Devlopment\\vendor\\laravel\\framework\\src\\Illuminate\\Foundation\\Bootstrap\\BootProviders.php(17): Illuminate\\Foundation\\Application->boot()
#29 D:\\Codes\\OfficeProjects\\KanLife\\KanLife Devlopment\\vendor\\laravel\\framework\\src\\Illuminate\\Foundation\\Application.php(237): Illuminate\\Foundation\\Bootstrap\\BootProviders->bootstrap(Object(Illuminate\\Foundation\\Application))
#30 D:\\Codes\\OfficeProjects\\KanLife\\KanLife Devlopment\\vendor\\laravel\\framework\\src\\Illuminate\\Foundation\\Console\\Kernel.php(310): Illuminate\\Foundation\\Application->bootstrapWith(Array)
#31 D:\\Codes\\OfficeProjects\\KanLife\\KanLife Devlopment\\vendor\\laravel\\framework\\src\\Illuminate\\Foundation\\Console\\Kernel.php(127): Illuminate\\Foundation\\Console\\Kernel->bootstrap()
#32 D:\\Codes\\OfficeProjects\\KanLife\\KanLife Devlopment\\artisan(37): Illuminate\\Foundation\\Console\\Kernel->handle(Object(Symfony\\Component\\Console\\Input\\ArgvInput), Object(Symfony\\Component\\Console\\Output\\ConsoleOutput))
#33 {main}
"} 
